build 2/geolocator_android 3/outputs/logs/manifest-merger-release-report.txt
-- Merging decision tree log ---
manifest
ADDED from src/main/AndroidManifest.xml:1:1-11:12
INJECTED from src/main/AndroidManifest.xml:1:1-11:12
	package
		ADDED from src/main/AndroidManifest.xml:2:3-36
		INJECTED from src/main/AndroidManifest.xml
	xmlns:android
		ADDED from src/main/AndroidManifest.xml:1:11-69
application
ADDED from src/main/AndroidManifest.xml:4:5-10:19
service#com.baseflow.geolocator.GeolocatorLocationService
ADDED from src/main/AndroidManifest.xml:5:9-9:60
	android:enabled
		ADDED from src/main/AndroidManifest.xml:6:17-39
	android:exported
		ADDED from src/main/AndroidManifest.xml:7:17-41
	android:foregroundServiceType
		ADDED from src/main/AndroidManifest.xml:8:17-57
	android:name
		ADDED from src/main/AndroidManifest.xml:9:17-58
uses-sdk
INJECTED from src/main/AndroidManifest.xml reason: use-sdk injection requested
INJECTED from src/main/AndroidManifest.xml
INJECTED from src/main/AndroidManifest.xml
	android:targetSdkVersion
		INJECTED from src/main/AndroidManifest.xml
	android:minSdkVersion
		INJECTED from src/main/AndroidManifest.xml